0000000000000000 0000000000000004 b g_fsPriority
0000000000000000 a __start__
0000000000000000 T _start
0000000000000000 b _TLS_MODULE_BASE_
0000000000000004 0000000000000004 b fsdev_last_result
0000000000000008 0000000000000401 B __nx_dev_path_buf
00000000000000e0 T __nx_exit
00000000000000f0 T __nx_mod0
0000000000000140 0000000000000034 T exit
0000000000000180 000000000000020c T main
00000000000003a0 t __do_global_dtors_aux
0000000000000400 t frame_dummy
0000000000000430 0000000000000164 T phantom_config_load
00000000000005a0 00000000000000b8 T phantom_config_save
0000000000000660 000000000000002c T __libnx_initheap
0000000000000690 000000000000008c T __appInit
0000000000000720 000000000000001c T __appExit
0000000000000740 000000000000005c T phantom_suppress_apply
00000000000007a0 00000000000000b4 t _fsCleanup
0000000000000860 00000000000001c0 t _fsCmdNoIO
0000000000000a20 00000000000001e0 t _fsFsCmdWithInPath
0000000000000c00 00000000000001f8 t _fsFsCmdWithTwoInPaths
0000000000000e00 000000000000028c t _fsFsOpenCommon
0000000000001090 00000000000001fc t _fsFsCmdWithInPathAndOutU64
0000000000001290 00000000000000f8 t _fsObjectClose
0000000000001390 000000000000017c t _fsCmdGetSession.constprop.0
0000000000001510 00000000000002f8 T fsInitialize
0000000000001810 0000000000000048 T fsExit
0000000000001860 0000000000000008 T fsOpenSdCardFileSystem
0000000000001870 00000000000001ec T fsFsCreateFile
0000000000001a60 0000000000000008 T fsFsDeleteFile
0000000000001a70 0000000000000008 T fsFsCreateDirectory
0000000000001a80 0000000000000008 T fsFsDeleteDirectory
0000000000001a90 0000000000000008 T fsFsRenameFile
0000000000001aa0 0000000000000008 T fsFsRenameDirectory
0000000000001ab0 00000000000001f0 T fsFsGetEntryType
0000000000001ca0 0000000000000008 T fsFsOpenFile
0000000000001cb0 0000000000000008 T fsFsOpenDirectory
0000000000001cc0 0000000000000008 T fsFsGetFreeSpace
0000000000001cd0 0000000000000008 T fsFsGetTotalSpace
0000000000001ce0 0000000000000230 T fsFsGetFileTimeStampRaw
0000000000001f10 0000000000000004 T fsFsClose
0000000000001f20 0000000000000214 T fsFileRead
0000000000002140 00000000000001f8 T fsFileWrite
0000000000002340 0000000000000008 T fsFileFlush
0000000000002350 00000000000001c0 T fsFileSetSize
0000000000002350 00000000000001c0 t fsFileSetSize.localalias
0000000000002510 00000000000001d4 T fsFileGetSize
0000000000002510 00000000000001d4 t fsFileGetSize.localalias
00000000000026f0 0000000000000004 T fsFileClose
0000000000002700 0000000000000004 T fsDirClose
0000000000002710 0000000000000204 T fsDirRead
0000000000002920 000000000000012c t _hidCleanup
0000000000002a50 00000000000000d4 t _hidCmdInAruidNoOut
0000000000002b30 00000000000000e0 t _hidCmdInU32AruidNoOut
0000000000002c10 0000000000000194 t _hidGetStates
0000000000002db0 000000000000026c T hidInitialize
0000000000003020 0000000000000048 T hidExit
0000000000003070 000000000000000c T hidGetSharedmemAddr
0000000000003080 0000000000000090 T hidGetNpadStyleSet
0000000000003110 0000000000000084 T hidInitializeNpad
00000000000031a0 00000000000000a4 T hidGetNpadStatesHandheld
0000000000003250 0000000000000100 T hidSetSupportedNpadIdType
0000000000003350 00000000000000bc t _hiddbgCmdNoIO
0000000000003410 00000000000000c0 t _hiddbgCmdInU64NoOut
00000000000034d0 00000000000000c0 t _hiddbgCmdInU8NoOut
0000000000003590 0000000000000078 t _hiddbgCleanup
0000000000003610 00000000000000e0 t _hiddbgCmdInHandle64OutU64.constprop.0
00000000000036f0 00000000000000cc t _hiddbgCmdInHandle64NoOut.constprop.0
00000000000037c0 00000000000000a0 T hiddbgInitialize
0000000000003860 0000000000000048 T hiddbgExit
00000000000038b0 0000000000000104 T hiddbgAttachHdlsWorkBuffer
00000000000039c0 000000000000009c T hiddbgDumpHdlsNpadAssignmentState
0000000000003a60 0000000000000174 T hiddbgApplyHdlsNpadAssignmentState
0000000000003be0 000000000000021c T hiddbgAttachHdlsVirtualDevice
0000000000003e00 0000000000000060 T hiddbgDetachHdlsVirtualDevice
0000000000003e60 0000000000000230 T hiddbgSetHdlsState
0000000000004090 00000000000000d0 t _setsysGetFirmwareVersionImpl
0000000000004160 0000000000000078 t _setsysCleanup
00000000000041e0 00000000000000a0 T setsysInitialize
0000000000004280 0000000000000048 T setsysExit
00000000000042d0 0000000000000048 T setsysGetFirmwareVersion
0000000000004320 00000000000000cc t _smCmifCmdInPid
00000000000043f0 0000000000000078 t _smCleanup
0000000000004470 0000000000000048 T smAddOverrideHandle
00000000000044c0 0000000000000054 T smGetServiceOverride
0000000000004520 00000000000001ac T smInitialize
00000000000046d0 0000000000000048 T smExit
0000000000004720 00000000000000d0 T smGetServiceOriginal
00000000000047f0 0000000000000120 T smGetServiceWrapper
0000000000004910 0000000000000004 W __libnx_alloc
0000000000004920 0000000000000004 W __libnx_free
0000000000004930 000000000000001c W diagAbortWithResult
0000000000004950 0000000000000014 T hosversionGet
0000000000004970 0000000000000010 T hosversionSet
0000000000004980 0000000000000010 t fsdev_link
0000000000004990 0000000000000010 t fsdev_dirreset
00000000000049a0 0000000000000010 t fsdev_chmod
00000000000049b0 0000000000000018 t error_cmp
00000000000049d0 0000000000000020 t fsdev_dirclose
00000000000049f0 000000000000001c t fsdev_close
0000000000004a10 0000000000000074 t fsdev_converttimetoutc
0000000000004a90 00000000000000f8 t fsdevFindDevice.part.0
0000000000004b90 00000000000001cc t fsdev_fixpath
0000000000004d60 000000000000009c t _fsdevUnmountDeviceStruct.part.0
0000000000004e00 0000000000000010 t fsdev_fchmod
0000000000004e10 0000000000000100 t fsdev_diropen
0000000000004f10 00000000000000f8 t fsdev_statvfs
0000000000005010 000000000000007c t fsdev_fsync
0000000000005090 00000000000000ec t fsdev_fstat
0000000000005180 0000000000000094 t fsdev_ftruncate
0000000000005220 00000000000001d8 t fsdev_stat
0000000000005400 000000000000014c t fsdev_rename
0000000000005550 000000000000013c t fsdev_chdir
0000000000005690 00000000000000a4 t fsdev_rmdir
0000000000005740 00000000000000a4 t fsdev_mkdir
00000000000057f0 00000000000000a4 t fsdev_unlink
00000000000058a0 000000000000013c t fsdev_write_safe
00000000000059e0 0000000000000134 t fsdev_read_safe
0000000000005b20 0000000000000100 t fsdev_read
0000000000005c20 00000000000001d4 t fsdev_dirnext
0000000000005e00 0000000000000124 t fsdev_write
0000000000005f30 0000000000000110 t fsdev_seek
0000000000006040 0000000000000230 t fsdev_open
0000000000006270 0000000000000324 T fsdevMountDevice
00000000000065a0 0000000000000040 T fsdevMountSdmc
00000000000065e0 0000000000000064 T fsdevUnmountAll
0000000000006650 0000000000000128 T decode_utf8
0000000000006778 T svcSetMemoryPermission
0000000000006780 T svcSetMemoryAttribute
0000000000006788 T svcUnmapMemory
0000000000006790 T svcQueryMemory
00000000000067a4 T svcExitProcess
00000000000067ac T svcSleepThread
00000000000067b4 T svcMapSharedMemory
00000000000067bc T svcUnmapSharedMemory
00000000000067c4 T svcCreateTransferMemory
00000000000067d8 T svcCloseHandle
00000000000067e0 T svcArbitrateLock
00000000000067e8 T svcArbitrateUnlock
00000000000067f0 T svcWaitProcessWideKeyAtomic
00000000000067f8 T svcSignalProcessWideKey
0000000000006800 T svcConnectToNamedPort
0000000000006814 T svcSendSyncRequest
000000000000681c T svcBreak
0000000000006824 T svcReturnFromException
000000000000682c T svcGetInfo
0000000000006840 T svcUnmapTransferMemory
0000000000006848 T __aarch64_read_tp
0000000000006860 00000000000000c8 T mutexLock
0000000000006930 0000000000000068 T mutexUnlock
00000000000069a0 000000000000001c T mutexIsLockedByCurrentThread
00000000000069c0 0000000000000050 T rmutexLock
0000000000006a10 0000000000000018 T rmutexUnlock
0000000000006a30 0000000000000014 T shmemLoadRemote
0000000000006a50 0000000000000070 T shmemMap
0000000000006ac0 0000000000000034 T shmemUnmap
0000000000006b00 000000000000004c T shmemClose
0000000000006b50 000000000000002c T tmemCreateFromMemory
0000000000006b80 0000000000000034 T tmemUnmap
0000000000006bc0 0000000000000030 T tmemCloseHandle
0000000000006bf0 0000000000000050 T tmemClose
0000000000006c40 0000000000000064 t _memregionInitWithInfo
0000000000006cb0 0000000000000004 W __libnx_virtmem_rng
0000000000006cc0 0000000000000164 t _memregionFindRandom
0000000000006e30 0000000000000140 T virtmemSetup
0000000000006f70 000000000000000c T virtmemLock
0000000000006f80 000000000000000c T virtmemUnlock
0000000000006f90 0000000000000050 T virtmemFindAslr
0000000000006fe0 0000000000000184 T sessionmgrCreate
0000000000007170 0000000000000084 T sessionmgrClose
0000000000007200 00000000000000a8 T sessionmgrAttachClient
00000000000072b0 0000000000000060 T sessionmgrDetachClient
0000000000007310 000000000000000c T appletGetAppletResourceUserId
0000000000007320 0000000000000114 T timeToPosixTimeWithMyRule
0000000000007440 0000000000000314 W argvSetup
0000000000007760 00000000000001fc T __nx_dynamic
0000000000007960 0000000000000208 T envSetup
0000000000007b70 0000000000000020 T envGetMainThreadHandle
0000000000007b90 000000000000000c T envIsNso
0000000000007ba0 0000000000000014 T envHasArgv
0000000000007bc0 000000000000000c T envGetArgv
0000000000007bd0 000000000000000c T envGetExitFuncPtr
0000000000007be0 000000000000000c T envHasRandomSeed
0000000000007bf0 0000000000000010 T envGetRandomSeed
0000000000007c00 000000000000002c W __libnx_init
0000000000007c30 000000000000001c W __libnx_exit
0000000000007c50 000000000000001c T __syscall_exit
0000000000007c70 0000000000000034 T __syscall_getreent
0000000000007cb0 0000000000000004 T __syscall_lock_acquire
0000000000007cc0 0000000000000004 T __syscall_lock_release
0000000000007cd0 0000000000000004 T __syscall_lock_acquire_recursive
0000000000007ce0 0000000000000004 T __syscall_lock_release_recursive
0000000000007cf0 0000000000000098 T newlibSetup
0000000000007d90 00000000000000e8 T nxlinkSetup
0000000000007e78 W __libnx_exception_entry
0000000000007f04 t __libnx_exception_entry_start
000000000000802c t __libnx_exception_entry_abort
0000000000008030 t __libnx_exception_entry_end
0000000000008038 T __libnx_exception_returnentry
0000000000008050 0000000000000070 T condvarWaitTimeout
00000000000080c0 0000000000000410 T randomGet
00000000000084d0 0000000000000020 T randomGet64
00000000000084f0 00000000000000b0 T __libnx_init_thread
00000000000085a0 00000000000000c4 T strncat
0000000000008680 00000000000000cc T strchr
0000000000008780 00000000000000b8 T strnlen
0000000000008840 00000000000000b4 T bsearch
0000000000008900 000000000000022c T memcpy
0000000000008900 T memmove
0000000000008b40 0000000000000120 T _fopen_r
0000000000008c60 000000000000002c T fopen
0000000000008ca0 0000000000000028 T gmtime
0000000000008d00 0000000000000104 T memset
0000000000008e20 00000000000001a4 t _strtoul_l.isra.0
0000000000008fe0 0000000000000040 T strtoul
0000000000009020 0000000000000184 T _fgets_r
00000000000091c0 0000000000000034 T fgets
0000000000009200 000000000000018c T _memalign_r
00000000000093a0 0000000000000014 T __errno
00000000000093c0 0000000000000130 T strlen
0000000000009500 00000000000001b4 T strncmp
00000000000096c0 0000000000000840 T _malloc_r
0000000000009f00 000000000000011c T _malloc_trim_r
000000000000a020 00000000000002d8 T _free_r
000000000000a300 000000000000001c t stdio_exit_handler
000000000000a320 000000000000006c t cleanup_stdio
000000000000a3a0 0000000000000128 t global_stdio_init.part.0
000000000000a4e0 000000000000000c T __sfp_lock_acquire
000000000000a500 000000000000000c T __sfp_lock_release
000000000000a520 0000000000000130 T __sfp
000000000000a660 0000000000000054 T __sinit
000000000000a6c0 00000000000000a4 T __libc_init_array
000000000000a780 00000000000000ac T strncpy
000000000000a840 0000000000000004 T _fseek_r
000000000000a860 0000000000000038 T malloc
000000000000a8a0 000000000000001c T free
000000000000a8c0 000000000000004c T __sread
000000000000a920 0000000000000070 T __swrite
000000000000a9a0 0000000000000050 T __sseek
000000000000aa00 0000000000000008 T __sclose
000000000000aa20 000000000000000c T __malloc_lock
000000000000aa40 000000000000000c T __malloc_unlock
000000000000aa60 00000000000004c0 T _fseeko_r
000000000000af20 0000000000000130 T _fclose_r
000000000000b060 000000000000001c T fclose
000000000000b080 0000000000000080 T fprintf
000000000000b100 0000000000000004 W __call_exitprocs
000000000000b120 00000000000000b8 T __sflags
000000000000b200 0000000000000134 T strcmp
000000000000b340 0000000000000044 T __libc_fini_array
000000000000b3a0 00000000000002a0 T gmtime_r
000000000000b640 00000000000000dc T memchr
000000000000b720 0000000000000038 t lflush
000000000000b760 0000000000000190 T __srefill_r
000000000000b900 0000000000000098 T _fwalk_sglue
000000000000b998 0000000000000790 t get_arg
000000000000c128 0000000000003bd4 T _vfprintf_r
000000000000fcfc 00000000000000cc t __sbprintf
000000000000fde0 00000000000000d0 T _wcrtomb_r
000000000000fec0 00000000000000b0 T __swhatbuf_r
000000000000ff80 00000000000000e8 T __smakebuf_r
0000000000010080 000000000000002c T __locale_mb_cur_max
00000000000100c0 00000000000001ec T __sflush_r
00000000000102c0 00000000000000bc T _fflush_r
0000000000010380 0000000000000038 T __sprint_r
00000000000103c0 00000000000001a4 t quorem
0000000000010580 00000000000012f0 T _dtoa_r
0000000000011880 0000000000000010 T _wcsrtombs_r
00000000000118a0 000000000000012c T __swsetup_r
00000000000119e0 0000000000000008 T __localeconv_l
0000000000011a00 0000000000000028 T _localeconv_r
0000000000011a40 0000000000000568 T _realloc_r
0000000000011fc0 00000000000000e0 T __utf8_wctomb
00000000000120a0 0000000000000188 T _wcsnrtombs_l
0000000000012240 0000000000000054 T _wcsnrtombs_r
00000000000122a0 000000000000007c T frexp
0000000000012320 0000000000000064 T __assert_func
00000000000123a0 00000000000000a4 T _Balloc
0000000000012460 0000000000000020 T _Bfree
0000000000012480 0000000000000118 T __multadd
00000000000125a0 0000000000000094 T __hi0bits
0000000000012640 0000000000000100 T __lo0bits
0000000000012740 000000000000004c T __i2b
00000000000127a0 0000000000000210 T __multiply
00000000000129c0 0000000000000104 T __pow5mult
0000000000012ae0 0000000000000174 T __lshift
0000000000012c60 0000000000000050 T __mcmp
0000000000012cc0 00000000000001c4 T __mdiff
0000000000012ea0 000000000000014c T __d2b
0000000000013000 00000000000002dc T __utf8_mbtowc
00000000000132e0 0000000000000080 T fiprintf
0000000000013360 00000000000004a4 T __sfvwrite_r
0000000000013820 0000000000000018 T abort
0000000000013840 00000000000000bc T _calloc_r
00000000000138fc 0000000000000790 t get_arg
000000000001408c 0000000000002964 T _vfiprintf_r
00000000000169f0 00000000000000cc t __sbprintf
0000000000016ac0 000000000000009c T _raise_r
0000000000016b60 000000000000001c T raise
0000000000016b80 0000000000000020 T _exit
0000000000016ba0 000000000000009c T _fstat_r
0000000000016c40 0000000000000010 T _getpid_r
0000000000016c60 0000000000000020 T __getreent
0000000000016c80 00000000000000a0 T __release_handle
0000000000016d20 0000000000000130 T __alloc_handle
0000000000016e60 0000000000000060 T __get_handle
0000000000016ec0 00000000000000f4 T _close_r
0000000000016fc0 0000000000000008 t null_write
0000000000016fe0 0000000000000018 T setDefaultDevice
0000000000017000 00000000000000b8 T FindDevice
00000000000170c0 000000000000002c T RemoveDevice
0000000000017100 00000000000000a4 T AddDevice
00000000000171c0 0000000000000034 T GetDeviceOpTab
0000000000017200 0000000000000008 T _isatty_r
0000000000017220 0000000000000010 T _kill_r
0000000000017240 00000000000000a0 T _lseek_r
00000000000172e0 0000000000000088 T mkdir
0000000000017380 00000000000000f0 T _open_r
0000000000017480 00000000000000b0 T _read_r
0000000000017540 0000000000000078 W _sbrk_r
00000000000175c0 0000000000000014 T __libc_lock_acquire
00000000000175e0 0000000000000014 T __libc_lock_release
0000000000017600 0000000000000014 T __libc_lock_acquire_recursive
0000000000017620 0000000000000014 T __libc_lock_release_recursive
0000000000017640 00000000000000b0 T _write_r
0000000000017700 0000000000000394 t __trunctfdf2
0000000000017aa0 0000000000000070 t __sfp_handle_exceptions
0000000000017b10 T _init
0000000000017b48 T _fini
00000000000183c0 0000000000000058 r g_hiddbgDeviceTypeInternalTable
0000000000018418 0000000000000020 r error_table
0000000000018498 0000000000000101 R _ctype_
00000000000186d0 0000000000000010 r zeroes.0
00000000000186e0 0000000000000010 r blanks.1
00000000000186f0 000000000000006c R __action_table
0000000000018760 000000000000006c R __state_table
00000000000187d0 0000000000000100 R __chclass
00000000000188e8 000000000000000c r p05.0
00000000000188f8 0000000000000028 R __mprec_bigtens
0000000000018920 00000000000000c8 R __mprec_tens
0000000000018ae0 0000000000000010 r zeroes.0
0000000000018af0 0000000000000010 r blanks.1
0000000000018b00 r __tls_align
0000000000018b08 r __EH_FRAME_BEGIN__
0000000000018b08 r __eh_frame_hdr_end
0000000000018b08 r __eh_frame_hdr_start
000000000001bc64 r __FRAME_END__
000000000001c000 d __frame_dummy_init_array_entry
000000000001c000 d __init_array_start
000000000001c000 d __preinit_array_end
000000000001c000 d __preinit_array_start
000000000001c000 d __relro_start
000000000001c008 d __do_global_dtors_aux_fini_array_entry
000000000001c008 d __fini_array_start
000000000001c008 d __init_array_end
000000000001c010 d __fini_array_end
000000000001c010 0000000000000100 d fsdev_devoptab
000000000001c110 0000000000000100 D dotab_stdnull
000000000001c210 a _DYNAMIC
000000000001c360 a _GLOBAL_OFFSET_TABLE_
000000000001c360 d __got_start__
000000000001c558 d __got_end__
000000000001d000 d __data_start
000000000001d000 0000000000000010 d g_state
000000000001d010 0000000000000004 D __nx_fs_num_sessions
000000000001d014 0000000000000004 D __nx_applet_type
000000000001d018 0000000000000001 V __nx_fsdev_support_cwd
000000000001d01c 0000000000000004 V __nx_fsdev_direntry_cache_size
000000000001d020 0000000000000008 V __nx_exception_stack_size
000000000001d028 0000000000000008 D _impure_ptr
000000000001d030 0000000000000240 D _impure_data
000000000001d270 0000000000000008 D __malloc_sbrk_base
000000000001d278 0000000000000008 D __malloc_trim_threshold
000000000001d280 0000000000000810 D __malloc_av_
000000000001da90 0000000000000018 D __sglue
000000000001daa8 0000000000000290 D __global_locale
000000000001dd40 0000000000002000 d handles
000000000001fd40 0000000000000010 d __stderr_handle
000000000001fd50 0000000000000010 d __stdout_handle
000000000001fd60 0000000000000010 d __stdin_handle
000000000001fd70 0000000000000118 D devoptab_list
000000000001fe88 0000000000000004 d defaultDevice
000000000001fe90 d __tdata_lma
000000000001fe90 d __tdata_lma_end
0000000000020000 b __bss_start__
0000000000020000 b completed.1
0000000000020008 b object.0
0000000000021000 0000000000000008 B g_hdls_session
0000000000021008 0000000000000001 b g_hdls_ready
0000000000021010 0000000000100000 b inner_heap.0
0000000000122000 0000000000001000 b g_hdls_workbuffer
0000000000123000 0000000000000008 b g_fsGuard
0000000000123010 0000000000000054 b g_fsSessionMgr
0000000000123068 0000000000000010 b g_fsSrv
0000000000123078 0000000000000008 b g_hidGuard
0000000000123080 0000000000000008 b g_sevenSixAxisSensorBuffer
0000000000123088 0000000000000020 b g_hidSharedmem
00000000001230a8 0000000000000010 b g_hidIActiveVibrationDeviceList
00000000001230b8 0000000000000010 b g_hidIAppletResource
00000000001230c8 0000000000000010 b g_hidSrv
00000000001230d8 0000000000000008 b g_hiddbgGuard
00000000001230e0 0000000000000008 b g_hiddbgHdlsWorkmem
00000000001230e8 0000000000000028 b g_hiddbgHdlsTmem
0000000000123110 0000000000000001 b g_hiddbgHdlsInitialized
0000000000123118 0000000000000010 b g_hiddbgSrv
0000000000123128 0000000000000008 b g_setsysGuard
0000000000123130 0000000000000010 b g_setsysSrv
0000000000123140 0000000000000008 b g_smGuard
0000000000123148 0000000000000008 b g_smOverridesNum
0000000000123150 0000000000000180 b g_smOverrides
00000000001232d0 0000000000000010 b g_smSrv
00000000001232e0 0000000000000004 b g_hosVersion
00000000001232f0 0000000000002800 b fsdev_fsdevices
0000000000125af0 0000000000000004 b fsdev_fsdevice_cwd
0000000000125af4 0000000000000001 b fsdev_initialised
0000000000125af8 B __stack_top
0000000000125b00 0000000000000001 b g_IsLegacyKernel
0000000000125b08 0000000000000008 b g_Reservations
0000000000125b10 0000000000000010 b g_StackRegion
0000000000125b20 0000000000000010 b g_AslrRegion
0000000000125b30 0000000000000010 b g_HeapRegion
0000000000125b40 0000000000000010 b g_AliasRegion
0000000000125b50 0000000000000004 b g_VirtmemMutex
0000000000125b58 0000000000000008 b g_appletResourceUserId
0000000000125b60 0000000000000010 b g_timeTimeZoneService
0000000000125b70 0000000000000008 b g_argv_empty
0000000000125b78 0000000000000008 B __system_argv
0000000000125b80 0000000000000004 B __system_argc
0000000000125b88 0000000000000008 b g_userIdStorage
0000000000125b90 0000000000000010 b g_randomSeed
0000000000125ba0 0000000000000001 b g_hasRandomSeed
0000000000125ba4 0000000000000004 b g_lastLoadResult
0000000000125ba8 0000000000000008 b g_nextLoadArgv
0000000000125bb0 0000000000000008 b g_nextLoadPath
0000000000125bb8 0000000000000004 b g_processHandle
0000000000125bc0 0000000000000018 b g_syscallHints
0000000000125bd8 0000000000000008 b g_overrideArgv
0000000000125be0 0000000000000008 b g_overrideHeapSize
0000000000125be8 0000000000000008 b g_overrideHeapAddr
0000000000125bf0 0000000000000008 b g_loaderRetAddr
0000000000125bf8 0000000000000004 b g_mainThreadHandle
0000000000125c00 0000000000000008 b g_loaderInfoSize
0000000000125c08 0000000000000008 b g_loaderInfo
0000000000125c10 0000000000000001 b g_isNso
0000000000125c20 0000000000000340 B __nx_exceptiondump
0000000000125f60 0000000000000004 V __nx_exception_ignoredebug
0000000000125f70 0000000000000400 V __nx_exception_stack
0000000000126370 0000000000000004 B __nxlink_host
0000000000126374 0000000000000004 b g_randMutex
0000000000126378 0000000000000001 b g_randInit
0000000000126380 0000000000000040 b g_chacha
00000000001263c0 0000000000000038 b g_mainThread
00000000001263f8 0000000000000008 b g_threadList
0000000000126400 0000000000000004 b g_threadMutex
0000000000126408 0000000000000050 B __malloc_current_mallinfo
0000000000126458 0000000000000008 B __malloc_max_total_mem
0000000000126460 0000000000000008 B __malloc_max_sbrked_mem
0000000000126468 0000000000000008 B __malloc_top_pad
0000000000126470 0000000000000008 b __sfp_recursive_mutex
0000000000126478 0000000000000228 B __sf
00000000001266a0 0000000000000008 B __stdio_exit_handler
00000000001266a8 0000000000000008 b __malloc_recursive_mutex
00000000001266b0 0000000000000004 b __hndl_lock
00000000001266b8 0000000000000008 B fake_heap_start
00000000001266c0 0000000000000008 B fake_heap_end
00000000001266c8 0000000000000008 b heap_start.0
00000000001266d0 b __tls_start
0000000000126ae0 b __bss_end__
0000000000126ae0 b __end__
0000000000126ae0 b __tls_end
0000000000127000 b __argdata__
